localhost:8080 - November 29, 2021, 11:09 am
Login_1638164366
---------------------------------------
localhost:8080 - November 29, 2021, 11:22 am
Record created_1638165128
---------------------------------------
localhost:8080 - November 29, 2021, 11:25 am
Record created_1638165326
---------------------------------------
localhost:8080 - November 29, 2021, 11:26 am
Record created_1638165364
---------------------------------------
localhost:8080 - November 29, 2021, 11:26 am
Record deleted_1638165373
---------------------------------------
localhost:8080 - November 29, 2021, 11:26 am
Record deleted_1638165378
---------------------------------------
localhost:8080 - November 29, 2021, 11:29 am
Record updated_1638165596
---------------------------------------
localhost:8080 - November 29, 2021, 11:30 am
Record updated_1638165607
---------------------------------------
localhost:8080 - November 29, 2021, 11:41 am
Login_1638166266
---------------------------------------
localhost:8080 - November 29, 2021, 12:12 pm
Login_1638168147
---------------------------------------
localhost:8080 - November 29, 2021, 12:43 pm
Login_1638170002
---------------------------------------
localhost:8080 - November 29, 2021, 12:45 pm
Record updated_1638170145
---------------------------------------
localhost:8080 - November 29, 2021, 12:45 pm
Record deleted_1638170154
---------------------------------------
localhost:8080 - November 29, 2021, 12:46 pm
Record deleted_1638170160
---------------------------------------
localhost:8080 - November 29, 2021, 12:46 pm
Record deleted_1638170165
---------------------------------------
localhost:8080 - November 29, 2021, 12:46 pm
Record deleted_1638170169
---------------------------------------
localhost:8080 - November 29, 2021, 12:47 pm
Record updated_1638170236
---------------------------------------
localhost:8080 - November 29, 2021, 12:47 pm
Record updated_1638170271
---------------------------------------
localhost:8080 - November 29, 2021, 12:48 pm
Record updated_1638170312
---------------------------------------
localhost:8080 - November 29, 2021, 12:50 pm
Logout_1638170421
---------------------------------------
localhost:8080 - November 29, 2021, 12:53 pm
Login_1638170580
---------------------------------------
localhost:8080 - November 29, 2021, 12:53 pm
Logout_1638170634
---------------------------------------
localhost:8080 - November 29, 2021, 12:56 pm
Login_1638170817
---------------------------------------
localhost:8080 - November 29, 2021, 1:04 pm
Logout_1638171282
---------------------------------------
