localhost:8080 - November 25, 2021, 4:58 am
Login_1637796498
---------------------------------------
localhost:8080 - November 25, 2021, 4:58 am
Record updated_1637796522
---------------------------------------
localhost:8080 - November 25, 2021, 5:04 am
Record deleted_1637796860
---------------------------------------
localhost:8080 - November 25, 2021, 5:09 am
Logout_1637797175
---------------------------------------
localhost:8080 - November 25, 2021, 5:20 am
Login_1637797800
---------------------------------------
localhost:8080 - November 25, 2021, 5:20 am
Logout_1637797803
---------------------------------------
localhost:8080 - November 25, 2021, 5:48 am
Login_1637799523
---------------------------------------
localhost:8080 - November 25, 2021, 5:48 am
Logout_1637799526
---------------------------------------
localhost:8080 - November 25, 2021, 5:49 am
Login_1637799542
---------------------------------------
localhost:8080 - November 25, 2021, 5:49 am
Logout_1637799544
---------------------------------------
localhost:8080 - November 25, 2021, 5:49 am
Login_1637799555
---------------------------------------
localhost:8080 - November 25, 2021, 5:51 am
Logout_1637799710
---------------------------------------
localhost:8080 - November 25, 2021, 6:53 am
Login_1637803389
---------------------------------------
localhost:8080 - November 25, 2021, 7:21 am
Logout_1637805103
---------------------------------------
localhost:8080 - November 25, 2021, 7:21 am
Login_1637805113
---------------------------------------
localhost:8080 - November 25, 2021, 7:24 am
Logout_1637805252
---------------------------------------
localhost:8080 - November 25, 2021, 7:24 am
Login_1637805259
---------------------------------------
localhost:8080 - November 25, 2021, 7:29 am
Logout_1637805584
---------------------------------------
localhost:8080 - November 25, 2021, 7:30 am
Login_1637805624
---------------------------------------
localhost:8080 - November 25, 2021, 7:30 am
Record updated_1637805648
---------------------------------------
localhost:8080 - November 25, 2021, 7:31 am
Logout_1637805668
---------------------------------------
