User1186371200_1638162521: localhost:8080 - November 29, 2021, 10:38 am
Page trying to access: http://localhost:8080/PHP-CRUD-Operation-With-Login-Logout-System-master/
---------------------------------------
User811531942_1638164323: localhost:8080 - November 29, 2021, 11:08 am
Page trying to access: http://localhost:8080/PHP-CRUD-Operation-With-Login-Logout-System-master/index.php
---------------------------------------
User1706864792_1638168177: localhost:8080 - November 29, 2021, 12:12 pm
Page trying to access: http://localhost:8080/PHP-CRUD-Operation-With-Login-Logout-System-master/carta.php
---------------------------------------
User19845422_1638168178: localhost:8080 - November 29, 2021, 12:12 pm
Page trying to access: http://localhost:8080/PHP-CRUD-Operation-With-Login-Logout-System-master/carta.php
---------------------------------------
User1875692940_1638168204: localhost:8080 - November 29, 2021, 12:13 pm
Page trying to access: http://localhost:8080/PHP-CRUD-Operation-With-Login-Logout-System-master/carta.php
---------------------------------------
User635863316_1638169003: localhost:8080 - November 29, 2021, 12:26 pm
Page trying to access: http://localhost:8080/PHP-CRUD-Operation-With-Login-Logout-System-master/carta.php?id=14
---------------------------------------
User1143262473_1638169055: localhost:8080 - November 29, 2021, 12:27 pm
Page trying to access: http://localhost:8080/PHP-CRUD-Operation-With-Login-Logout-System-master/carta.php?id=14
---------------------------------------
User1086422184_1638169153: localhost:8080 - November 29, 2021, 12:29 pm
Page trying to access: http://localhost:8080/PHP-CRUD-Operation-With-Login-Logout-System-master/carta.php?id=14
---------------------------------------
User892492992_1638170801: localhost:8080 - November 29, 2021, 12:56 pm
Page trying to access: http://localhost:8080/PHP-CRUD-Empleados/
---------------------------------------
User597215402_1638170801: localhost:8080 - November 29, 2021, 12:56 pm
Page trying to access: http://localhost:8080/PHP-CRUD-Empleados/
---------------------------------------
